[Mon Mar 24 00:16:18 2025] PHP 8.4.5 Development Server (http://localhost:2525) started
[Mon Mar 24 00:16:30 2025] [::1]:50104 Accepted
[Mon Mar 24 00:16:30 2025] [::1]:50104 [302]: GET /
[Mon Mar 24 00:16:30 2025] [::1]:50104 Closing
[Mon Mar 24 00:16:30 2025] [::1]:50105 Accepted
[Mon Mar 24 00:16:30 2025] [::1]:50105 [200]: GET /login.php
[Mon Mar 24 00:16:30 2025] [::1]:50105 Closing
[Mon Mar 24 00:16:30 2025] [::1]:50107 Accepted
[Mon Mar 24 00:16:30 2025] [::1]:50107 [200]: GET /assets/css/bootstrap.min.css
[Mon Mar 24 00:16:30 2025] [::1]:50108 Accepted
[Mon Mar 24 00:16:30 2025] [::1]:50108 [200]: GET /assets/css/style.css
[Mon Mar 24 00:16:30 2025] [::1]:50107 Closing
[Mon Mar 24 00:16:30 2025] [::1]:50108 Closing
[Mon Mar 24 00:16:30 2025] [::1]:50112 Accepted
[Mon Mar 24 00:16:30 2025] [::1]:50112 [302]: GET /favicon.ico
[Mon Mar 24 00:16:30 2025] [::1]:50112 Closing
[Mon Mar 24 00:16:30 2025] [::1]:50113 Accepted
[Mon Mar 24 00:16:30 2025] [::1]:50113 [200]: GET /login.php
[Mon Mar 24 00:16:30 2025] [::1]:50113 Closing
[Mon Mar 24 00:16:41 2025] [::1]:50117 Accepted
[Mon Mar 24 00:16:41 2025] [::1]:50118 Accepted
[Mon Mar 24 00:16:41 2025] [::1]:50117 [200]: POST /login.php
[Mon Mar 24 00:16:41 2025] [::1]:50117 Closing
[Mon Mar 24 00:16:41 2025] [::1]:50118 [200]: GET /assets/css/bootstrap.min.css
[Mon Mar 24 00:16:41 2025] [::1]:50118 Closing
[Mon Mar 24 00:16:41 2025] [::1]:50119 Accepted
[Mon Mar 24 00:16:41 2025] [::1]:50119 [200]: GET /assets/css/style.css
[Mon Mar 24 00:16:41 2025] [::1]:50119 Closing
[Mon Mar 24 00:16:41 2025] [::1]:50120 Accepted
[Mon Mar 24 00:16:41 2025] [::1]:50120 [200]: GET /panel.php
[Mon Mar 24 00:16:41 2025] [::1]:50120 Closing
[Mon Mar 24 00:16:41 2025] [::1]:50121 Accepted
[Mon Mar 24 00:16:41 2025] [::1]:50121 [200]: GET /assets/css/bootstrap.min.css
[Mon Mar 24 00:16:41 2025] [::1]:50121 Closing
[Mon Mar 24 00:16:41 2025] [::1]:50122 Accepted
[Mon Mar 24 00:16:41 2025] [::1]:50123 Accepted
[Mon Mar 24 00:16:41 2025] [::1]:50124 Accepted
[Mon Mar 24 00:16:41 2025] [::1]:50125 Accepted
[Mon Mar 24 00:16:41 2025] [::1]:50126 Accepted
[Mon Mar 24 00:16:41 2025] [::1]:50122 [200]: GET /assets/css/light-theme.min.css
[Mon Mar 24 00:16:41 2025] [::1]:50123 [200]: GET /assets/js/jquery.min.js
[Mon Mar 24 00:16:41 2025] [::1]:50124 [200]: GET /assets/js/script.js
[Mon Mar 24 00:16:41 2025] [::1]:50125 [200]: GET /assets/js/sweetalert2.min.js
[Mon Mar 24 00:16:41 2025] [::1]:50126 [200]: GET /assets/js/growl-notification.min.js
[Mon Mar 24 00:16:41 2025] [::1]:50122 Closing
[Mon Mar 24 00:16:41 2025] [::1]:50123 Closing
[Mon Mar 24 00:16:41 2025] [::1]:50124 Closing
[Mon Mar 24 00:16:41 2025] [::1]:50125 Closing
[Mon Mar 24 00:16:41 2025] [::1]:50126 Closing
[Mon Mar 24 00:16:41 2025] [::1]:50127 Accepted
[Mon Mar 24 00:16:41 2025] [::1]:50127 [200]: GET /Settings.json
[Mon Mar 24 00:16:41 2025] [::1]:50128 Accepted
[Mon Mar 24 00:16:41 2025] [::1]:50129 Accepted
[Mon Mar 24 00:16:41 2025] [::1]:50128 [200]: POST /list_templates.php
[Mon Mar 24 00:16:41 2025] [::1]:50128 Closing
[Mon Mar 24 00:16:41 2025] [::1]:50129 [302]: GET /favicon.ico
[Mon Mar 24 00:16:41 2025] [::1]:50129 Closing
[Mon Mar 24 00:16:41 2025] [::1]:50127 Closing
[Mon Mar 24 00:16:41 2025] [::1]:50130 Accepted
[Mon Mar 24 00:16:41 2025] [::1]:50130 [200]: GET /panel.php
[Mon Mar 24 00:16:41 2025] [::1]:50130 Closing
[Mon Mar 24 00:16:44 2025] [::1]:50132 Accepted
[Mon Mar 24 00:16:44 2025] [::1]:50132 [200]: POST /receiver.php
[Mon Mar 24 00:16:44 2025] [::1]:50132 Closing
[Mon Mar 24 00:16:46 2025] [::1]:50133 Accepted
[Mon Mar 24 00:16:46 2025] [::1]:50133 [200]: POST /receiver.php
[Mon Mar 24 00:16:46 2025] [::1]:50133 Closing
[Mon Mar 24 00:16:48 2025] [::1]:50134 Accepted
[Mon Mar 24 00:16:48 2025] [::1]:50134 [200]: POST /receiver.php
[Mon Mar 24 00:16:48 2025] [::1]:50134 Closing
[Mon Mar 24 00:16:51 2025] [::1]:50135 Accepted
[Mon Mar 24 00:16:51 2025] [::1]:50135 [200]: POST /receiver.php
[Mon Mar 24 00:16:51 2025] [::1]:50135 Closing
[Mon Mar 24 00:16:53 2025] [::1]:50137 Accepted
[Mon Mar 24 00:16:53 2025] [::1]:50137 [200]: POST /receiver.php
[Mon Mar 24 00:16:53 2025] [::1]:50137 Closing
[Mon Mar 24 00:16:55 2025] [::1]:50141 Accepted
[Mon Mar 24 00:16:55 2025] [::1]:50141 [200]: POST /receiver.php
[Mon Mar 24 00:16:55 2025] [::1]:50141 Closing
[Mon Mar 24 00:16:57 2025] [::1]:50148 Accepted
[Mon Mar 24 00:16:57 2025] [::1]:50148 [200]: POST /receiver.php
[Mon Mar 24 00:16:57 2025] [::1]:50148 Closing
[Mon Mar 24 00:16:58 2025] [::1]:50149 Accepted
[Mon Mar 24 00:16:58 2025] [::1]:50149 [200]: POST /receiver.php
[Mon Mar 24 00:16:58 2025] [::1]:50149 Closing
[Mon Mar 24 00:17:01 2025] [::1]:50152 Accepted
[Mon Mar 24 00:17:01 2025] [::1]:50152 [200]: POST /receiver.php
[Mon Mar 24 00:17:01 2025] [::1]:50152 Closing
[Mon Mar 24 00:17:03 2025] [::1]:50153 Accepted
[Mon Mar 24 00:17:03 2025] [::1]:50153 [200]: POST /receiver.php
[Mon Mar 24 00:17:03 2025] [::1]:50153 Closing
[Mon Mar 24 00:17:05 2025] [::1]:50161 Accepted
[Mon Mar 24 00:17:05 2025] [::1]:50161 [200]: POST /receiver.php
[Mon Mar 24 00:17:05 2025] [::1]:50161 Closing
[Mon Mar 24 00:17:07 2025] [::1]:50162 Accepted
[Mon Mar 24 00:17:07 2025] [::1]:50162 [200]: POST /receiver.php
[Mon Mar 24 00:17:07 2025] [::1]:50162 Closing
[Mon Mar 24 00:17:09 2025] [::1]:50172 Accepted
[Mon Mar 24 00:17:09 2025] [::1]:50172 [200]: POST /receiver.php
[Mon Mar 24 00:17:09 2025] [::1]:50172 Closing
[Mon Mar 24 00:17:11 2025] [::1]:50174 Accepted
[Mon Mar 24 00:17:11 2025] [::1]:50174 [200]: POST /receiver.php
[Mon Mar 24 00:17:11 2025] [::1]:50174 Closing
[Mon Mar 24 00:17:13 2025] [::1]:50176 Accepted
[Mon Mar 24 00:17:13 2025] [::1]:50176 [200]: POST /receiver.php
[Mon Mar 24 00:17:13 2025] [::1]:50176 Closing
[Mon Mar 24 00:17:15 2025] [::1]:50177 Accepted
[Mon Mar 24 00:17:15 2025] [::1]:50177 [200]: POST /receiver.php
[Mon Mar 24 00:17:15 2025] [::1]:50177 Closing
[Mon Mar 24 00:17:17 2025] [::1]:50181 Accepted
[Mon Mar 24 00:17:17 2025] [::1]:50181 [200]: POST /receiver.php
[Mon Mar 24 00:17:17 2025] [::1]:50181 Closing
[Mon Mar 24 00:17:19 2025] [::1]:50183 Accepted
[Mon Mar 24 00:17:19 2025] [::1]:50183 [200]: POST /receiver.php
[Mon Mar 24 00:17:19 2025] [::1]:50183 Closing
[Mon Mar 24 00:17:21 2025] [::1]:50184 Accepted
[Mon Mar 24 00:17:21 2025] [::1]:50184 [200]: POST /receiver.php
[Mon Mar 24 00:17:21 2025] [::1]:50184 Closing
[Mon Mar 24 00:17:23 2025] [::1]:50189 Accepted
[Mon Mar 24 00:17:23 2025] [::1]:50189 [200]: POST /receiver.php
[Mon Mar 24 00:17:23 2025] [::1]:50189 Closing
[Mon Mar 24 00:17:25 2025] [::1]:50196 Accepted
[Mon Mar 24 00:17:25 2025] [::1]:50196 [200]: POST /receiver.php
[Mon Mar 24 00:17:25 2025] [::1]:50196 Closing
[Mon Mar 24 00:17:26 2025] [::1]:50197 Accepted
[Mon Mar 24 00:17:26 2025] [::1]:50197 [200]: POST /receiver.php
[Mon Mar 24 00:17:26 2025] [::1]:50197 Closing
[Mon Mar 24 00:17:28 2025] [::1]:50201 Accepted
[Mon Mar 24 00:17:28 2025] [::1]:50201 [200]: POST /receiver.php
[Mon Mar 24 00:17:28 2025] [::1]:50201 Closing
[Mon Mar 24 00:17:30 2025] [::1]:50202 Accepted
[Mon Mar 24 00:17:30 2025] [::1]:50202 [200]: POST /receiver.php
[Mon Mar 24 00:17:30 2025] [::1]:50202 Closing
[Mon Mar 24 00:17:33 2025] [::1]:50203 Accepted
[Mon Mar 24 00:17:33 2025] [::1]:50203 [200]: POST /receiver.php
[Mon Mar 24 00:17:33 2025] [::1]:50203 Closing
[Mon Mar 24 00:17:35 2025] [::1]:50205 Accepted
[Mon Mar 24 00:17:35 2025] [::1]:50205 [200]: POST /receiver.php
[Mon Mar 24 00:17:35 2025] [::1]:50205 Closing
[Mon Mar 24 00:17:37 2025] [::1]:50206 Accepted
[Mon Mar 24 00:17:37 2025] [::1]:50206 [200]: POST /receiver.php
[Mon Mar 24 00:17:37 2025] [::1]:50206 Closing
[Mon Mar 24 00:17:39 2025] [::1]:50207 Accepted
[Mon Mar 24 00:17:39 2025] [::1]:50207 [200]: POST /receiver.php
[Mon Mar 24 00:17:39 2025] [::1]:50207 Closing
[Mon Mar 24 00:17:41 2025] [::1]:50208 Accepted
[Mon Mar 24 00:17:41 2025] [::1]:50208 [200]: POST /receiver.php
[Mon Mar 24 00:17:41 2025] [::1]:50208 Closing
[Mon Mar 24 00:17:43 2025] [::1]:50209 Accepted
[Mon Mar 24 00:17:43 2025] [::1]:50209 [200]: POST /receiver.php
[Mon Mar 24 00:17:43 2025] [::1]:50209 Closing
[Mon Mar 24 00:17:45 2025] [::1]:50210 Accepted
[Mon Mar 24 00:17:45 2025] [::1]:50210 [200]: POST /receiver.php
[Mon Mar 24 00:17:45 2025] [::1]:50210 Closing
[Mon Mar 24 00:17:47 2025] [::1]:50211 Accepted
[Mon Mar 24 00:17:47 2025] [::1]:50211 [200]: POST /receiver.php
[Mon Mar 24 00:17:47 2025] [::1]:50211 Closing
[Mon Mar 24 00:17:49 2025] [::1]:50213 Accepted
[Mon Mar 24 00:17:49 2025] [::1]:50213 [200]: POST /receiver.php
[Mon Mar 24 00:17:49 2025] [::1]:50213 Closing
[Mon Mar 24 00:17:51 2025] [::1]:50216 Accepted
[Mon Mar 24 00:17:51 2025] [::1]:50216 [200]: POST /receiver.php
[Mon Mar 24 00:17:51 2025] [::1]:50216 Closing
[Mon Mar 24 00:17:53 2025] [::1]:50218 Accepted
[Mon Mar 24 00:17:53 2025] [::1]:50218 [200]: POST /receiver.php
[Mon Mar 24 00:17:53 2025] [::1]:50218 Closing
[Mon Mar 24 00:17:55 2025] [::1]:50219 Accepted
[Mon Mar 24 00:17:55 2025] [::1]:50219 [200]: POST /receiver.php
[Mon Mar 24 00:17:55 2025] [::1]:50219 Closing
[Mon Mar 24 00:17:57 2025] [::1]:50221 Accepted
[Mon Mar 24 00:17:57 2025] [::1]:50221 [200]: POST /receiver.php
[Mon Mar 24 00:17:57 2025] [::1]:50221 Closing
[Mon Mar 24 00:17:59 2025] [::1]:50222 Accepted
[Mon Mar 24 00:17:59 2025] [::1]:50222 [200]: POST /receiver.php
[Mon Mar 24 00:17:59 2025] [::1]:50222 Closing
[Mon Mar 24 00:18:01 2025] [::1]:50223 Accepted
[Mon Mar 24 00:18:01 2025] [::1]:50223 [200]: POST /receiver.php
[Mon Mar 24 00:18:01 2025] [::1]:50223 Closing
[Mon Mar 24 00:18:03 2025] [::1]:50224 Accepted
[Mon Mar 24 00:18:03 2025] [::1]:50224 [200]: POST /receiver.php
[Mon Mar 24 00:18:03 2025] [::1]:50224 Closing
[Mon Mar 24 00:18:05 2025] [::1]:50225 Accepted
[Mon Mar 24 00:18:05 2025] [::1]:50225 [200]: POST /receiver.php
[Mon Mar 24 00:18:05 2025] [::1]:50225 Closing
[Mon Mar 24 00:18:07 2025] [::1]:50226 Accepted
[Mon Mar 24 00:18:07 2025] [::1]:50226 [200]: POST /receiver.php
[Mon Mar 24 00:18:07 2025] [::1]:50226 Closing
[Mon Mar 24 00:18:09 2025] [::1]:50228 Accepted
[Mon Mar 24 00:18:09 2025] [::1]:50228 [200]: POST /receiver.php
[Mon Mar 24 00:18:09 2025] [::1]:50228 Closing
[Mon Mar 24 00:18:11 2025] [::1]:50231 Accepted
[Mon Mar 24 00:18:11 2025] [::1]:50231 [200]: POST /receiver.php
[Mon Mar 24 00:18:11 2025] [::1]:50231 Closing
[Mon Mar 24 00:18:13 2025] [::1]:50232 Accepted
[Mon Mar 24 00:18:13 2025] [::1]:50232 [200]: POST /receiver.php
[Mon Mar 24 00:18:13 2025] [::1]:50232 Closing
[Mon Mar 24 00:18:15 2025] [::1]:50233 Accepted
[Mon Mar 24 00:18:15 2025] [::1]:50233 [200]: POST /receiver.php
[Mon Mar 24 00:18:15 2025] [::1]:50233 Closing
[Mon Mar 24 00:18:17 2025] [::1]:50235 Accepted
[Mon Mar 24 00:18:17 2025] [::1]:50235 [200]: POST /receiver.php
[Mon Mar 24 00:18:17 2025] [::1]:50235 Closing
[Mon Mar 24 00:18:19 2025] [::1]:50237 Accepted
[Mon Mar 24 00:18:19 2025] [::1]:50237 [200]: POST /receiver.php
[Mon Mar 24 00:18:19 2025] [::1]:50237 Closing
[Mon Mar 24 00:18:21 2025] [::1]:50249 Accepted
[Mon Mar 24 00:18:21 2025] [::1]:50249 [200]: POST /receiver.php
[Mon Mar 24 00:18:21 2025] [::1]:50249 Closing
[Mon Mar 24 00:18:23 2025] [::1]:50250 Accepted
[Mon Mar 24 00:18:23 2025] [::1]:50250 [200]: POST /receiver.php
[Mon Mar 24 00:18:23 2025] [::1]:50250 Closing
[Mon Mar 24 00:18:25 2025] [::1]:50252 Accepted
[Mon Mar 24 00:18:25 2025] [::1]:50252 [200]: POST /receiver.php
[Mon Mar 24 00:18:25 2025] [::1]:50252 Closing
[Mon Mar 24 00:18:27 2025] [::1]:50254 Accepted
[Mon Mar 24 00:18:27 2025] [::1]:50254 [200]: POST /receiver.php
[Mon Mar 24 00:18:27 2025] [::1]:50254 Closing
[Mon Mar 24 00:18:29 2025] [::1]:50255 Accepted
[Mon Mar 24 00:18:29 2025] [::1]:50255 [200]: POST /receiver.php
[Mon Mar 24 00:18:29 2025] [::1]:50255 Closing
[Mon Mar 24 00:18:53 2025] [::1]:50258 Accepted
[Mon Mar 24 00:18:53 2025] [::1]:50258 [200]: POST /receiver.php
[Mon Mar 24 00:18:53 2025] [::1]:50258 Closing
[Mon Mar 24 00:18:54 2025] [::1]:50259 Accepted
[Mon Mar 24 00:18:54 2025] [::1]:50259 [200]: POST /receiver.php
[Mon Mar 24 00:18:54 2025] [::1]:50259 Closing
[Mon Mar 24 00:18:56 2025] [::1]:50260 Accepted
[Mon Mar 24 00:18:56 2025] [::1]:50260 [200]: POST /receiver.php
[Mon Mar 24 00:18:56 2025] [::1]:50260 Closing
[Mon Mar 24 00:18:58 2025] [::1]:50261 Accepted
[Mon Mar 24 00:18:58 2025] [::1]:50261 [200]: POST /receiver.php
[Mon Mar 24 00:18:58 2025] [::1]:50261 Closing
[Mon Mar 24 00:19:00 2025] [::1]:50262 Accepted
[Mon Mar 24 00:19:00 2025] [::1]:50262 [200]: POST /receiver.php
[Mon Mar 24 00:19:00 2025] [::1]:50262 Closing
[Mon Mar 24 00:19:02 2025] [::1]:50263 Accepted
[Mon Mar 24 00:19:02 2025] [::1]:50263 [200]: POST /receiver.php
[Mon Mar 24 00:19:02 2025] [::1]:50263 Closing
[Mon Mar 24 00:19:04 2025] [::1]:50264 Accepted
[Mon Mar 24 00:19:04 2025] [::1]:50264 [200]: POST /receiver.php
[Mon Mar 24 00:19:04 2025] [::1]:50264 Closing
[Mon Mar 24 00:19:06 2025] [::1]:50265 Accepted
[Mon Mar 24 00:19:06 2025] [::1]:50265 [200]: POST /receiver.php
[Mon Mar 24 00:19:06 2025] [::1]:50265 Closing
[Mon Mar 24 00:19:08 2025] [::1]:50266 Accepted
[Mon Mar 24 00:19:08 2025] [::1]:50266 [200]: POST /receiver.php
[Mon Mar 24 00:19:08 2025] [::1]:50266 Closing
[Mon Mar 24 00:19:10 2025] [::1]:50267 Accepted
[Mon Mar 24 00:19:10 2025] [::1]:50267 [200]: POST /receiver.php
[Mon Mar 24 00:19:10 2025] [::1]:50267 Closing
[Mon Mar 24 00:19:12 2025] [::1]:50268 Accepted
[Mon Mar 24 00:19:12 2025] [::1]:50268 [200]: POST /receiver.php
[Mon Mar 24 00:19:12 2025] [::1]:50268 Closing
[Mon Mar 24 00:19:14 2025] [::1]:50269 Accepted
[Mon Mar 24 00:19:14 2025] [::1]:50269 [200]: POST /receiver.php
[Mon Mar 24 00:19:14 2025] [::1]:50269 Closing
[Mon Mar 24 00:19:16 2025] [::1]:50271 Accepted
[Mon Mar 24 00:19:16 2025] [::1]:50271 [200]: POST /receiver.php
[Mon Mar 24 00:19:16 2025] [::1]:50271 Closing
[Mon Mar 24 00:19:18 2025] [::1]:50272 Accepted
[Mon Mar 24 00:19:18 2025] [::1]:50272 [200]: POST /receiver.php
[Mon Mar 24 00:19:18 2025] [::1]:50272 Closing
[Mon Mar 24 00:19:20 2025] [::1]:50273 Accepted
[Mon Mar 24 00:19:20 2025] [::1]:50273 [200]: POST /receiver.php
[Mon Mar 24 00:19:20 2025] [::1]:50273 Closing
[Mon Mar 24 00:19:22 2025] [::1]:50274 Accepted
[Mon Mar 24 00:19:22 2025] [::1]:50274 [200]: POST /receiver.php
[Mon Mar 24 00:19:22 2025] [::1]:50274 Closing
[Mon Mar 24 00:19:24 2025] [::1]:50275 Accepted
[Mon Mar 24 00:19:24 2025] [::1]:50275 [200]: POST /receiver.php
[Mon Mar 24 00:19:24 2025] [::1]:50275 Closing
[Mon Mar 24 00:19:26 2025] [::1]:50276 Accepted
[Mon Mar 24 00:19:26 2025] [::1]:50276 [200]: POST /receiver.php
[Mon Mar 24 00:19:26 2025] [::1]:50276 Closing
[Mon Mar 24 00:19:28 2025] [::1]:50277 Accepted
[Mon Mar 24 00:19:28 2025] [::1]:50277 [200]: POST /receiver.php
[Mon Mar 24 00:19:28 2025] [::1]:50277 Closing
[Mon Mar 24 00:19:30 2025] [::1]:50278 Accepted
[Mon Mar 24 00:19:30 2025] [::1]:50278 [200]: POST /receiver.php
[Mon Mar 24 00:19:30 2025] [::1]:50278 Closing
[Mon Mar 24 00:19:32 2025] [::1]:50279 Accepted
[Mon Mar 24 00:19:32 2025] [::1]:50279 [200]: POST /receiver.php
[Mon Mar 24 00:19:32 2025] [::1]:50279 Closing
[Mon Mar 24 00:19:34 2025] [::1]:50280 Accepted
[Mon Mar 24 00:19:34 2025] [::1]:50280 [200]: POST /receiver.php
[Mon Mar 24 00:19:34 2025] [::1]:50280 Closing
[Mon Mar 24 00:19:36 2025] [::1]:50281 Accepted
[Mon Mar 24 00:19:36 2025] [::1]:50281 [200]: POST /receiver.php
[Mon Mar 24 00:19:36 2025] [::1]:50281 Closing
[Mon Mar 24 00:19:38 2025] [::1]:50282 Accepted
[Mon Mar 24 00:19:38 2025] [::1]:50282 [200]: POST /receiver.php
[Mon Mar 24 00:19:38 2025] [::1]:50282 Closing
[Mon Mar 24 00:19:40 2025] [::1]:50283 Accepted
[Mon Mar 24 00:19:40 2025] [::1]:50283 [200]: POST /receiver.php
[Mon Mar 24 00:19:40 2025] [::1]:50283 Closing
[Mon Mar 24 00:19:42 2025] [::1]:50284 Accepted
[Mon Mar 24 00:19:42 2025] [::1]:50284 [200]: POST /receiver.php
[Mon Mar 24 00:19:42 2025] [::1]:50284 Closing
[Mon Mar 24 00:19:44 2025] [::1]:50285 Accepted
[Mon Mar 24 00:19:44 2025] [::1]:50285 [200]: POST /receiver.php
[Mon Mar 24 00:19:44 2025] [::1]:50285 Closing
[Mon Mar 24 00:19:46 2025] [::1]:50287 Accepted
[Mon Mar 24 00:19:46 2025] [::1]:50287 [200]: POST /receiver.php
[Mon Mar 24 00:19:46 2025] [::1]:50287 Closing
[Mon Mar 24 00:19:48 2025] [::1]:50288 Accepted
[Mon Mar 24 00:19:48 2025] [::1]:50288 [200]: POST /receiver.php
[Mon Mar 24 00:19:48 2025] [::1]:50288 Closing
[Mon Mar 24 00:19:50 2025] [::1]:50289 Accepted
[Mon Mar 24 00:19:50 2025] [::1]:50289 [200]: POST /receiver.php
[Mon Mar 24 00:19:50 2025] [::1]:50289 Closing
[Mon Mar 24 00:19:52 2025] [::1]:50290 Accepted
[Mon Mar 24 00:19:52 2025] [::1]:50290 [200]: POST /receiver.php
[Mon Mar 24 00:19:52 2025] [::1]:50290 Closing
[Mon Mar 24 00:19:54 2025] [::1]:50291 Accepted
[Mon Mar 24 00:19:54 2025] [::1]:50291 [200]: POST /receiver.php
[Mon Mar 24 00:19:54 2025] [::1]:50291 Closing
[Mon Mar 24 00:19:56 2025] [::1]:50292 Accepted
[Mon Mar 24 00:19:56 2025] [::1]:50292 [200]: POST /receiver.php
[Mon Mar 24 00:19:56 2025] [::1]:50292 Closing
[Mon Mar 24 00:19:58 2025] [::1]:50293 Accepted
[Mon Mar 24 00:19:58 2025] [::1]:50293 [200]: POST /receiver.php
[Mon Mar 24 00:19:58 2025] [::1]:50293 Closing
[Mon Mar 24 00:20:00 2025] [::1]:50294 Accepted
[Mon Mar 24 00:20:00 2025] [::1]:50294 [200]: POST /receiver.php
[Mon Mar 24 00:20:00 2025] [::1]:50294 Closing
[Mon Mar 24 00:20:02 2025] [::1]:50295 Accepted
[Mon Mar 24 00:20:02 2025] [::1]:50295 [200]: POST /receiver.php
[Mon Mar 24 00:20:02 2025] [::1]:50295 Closing
[Mon Mar 24 00:20:04 2025] [::1]:50296 Accepted
[Mon Mar 24 00:20:04 2025] [::1]:50296 [200]: POST /receiver.php
[Mon Mar 24 00:20:04 2025] [::1]:50296 Closing
[Mon Mar 24 00:20:06 2025] [::1]:50297 Accepted
[Mon Mar 24 00:20:06 2025] [::1]:50297 [200]: POST /receiver.php
[Mon Mar 24 00:20:06 2025] [::1]:50297 Closing
[Mon Mar 24 00:20:08 2025] [::1]:50298 Accepted
[Mon Mar 24 00:20:08 2025] [::1]:50298 [200]: POST /receiver.php
[Mon Mar 24 00:20:08 2025] [::1]:50298 Closing
[Mon Mar 24 00:20:10 2025] [::1]:50300 Accepted
[Mon Mar 24 00:20:10 2025] [::1]:50300 [200]: POST /receiver.php
[Mon Mar 24 00:20:10 2025] [::1]:50300 Closing
[Mon Mar 24 00:20:12 2025] [::1]:50301 Accepted
[Mon Mar 24 00:20:12 2025] [::1]:50301 [200]: POST /receiver.php
[Mon Mar 24 00:20:12 2025] [::1]:50301 Closing
[Mon Mar 24 00:20:14 2025] [::1]:50303 Accepted
[Mon Mar 24 00:20:14 2025] [::1]:50303 [200]: POST /receiver.php
[Mon Mar 24 00:20:14 2025] [::1]:50303 Closing
[Mon Mar 24 00:20:17 2025] [::1]:50307 Accepted
[Mon Mar 24 00:20:17 2025] [::1]:50307 [200]: POST /receiver.php
[Mon Mar 24 00:20:17 2025] [::1]:50307 Closing
[Mon Mar 24 00:20:19 2025] [::1]:50308 Accepted
[Mon Mar 24 00:20:19 2025] [::1]:50308 [200]: POST /receiver.php
[Mon Mar 24 00:20:19 2025] [::1]:50308 Closing
[Mon Mar 24 00:20:21 2025] [::1]:50314 Accepted
[Mon Mar 24 00:20:21 2025] [::1]:50314 [200]: POST /receiver.php
[Mon Mar 24 00:20:21 2025] [::1]:50314 Closing
[Mon Mar 24 00:20:23 2025] [::1]:50319 Accepted
[Mon Mar 24 00:20:23 2025] [::1]:50319 [200]: POST /receiver.php
[Mon Mar 24 00:20:23 2025] [::1]:50319 Closing
[Mon Mar 24 00:20:25 2025] [::1]:50320 Accepted
[Mon Mar 24 00:20:25 2025] [::1]:50320 [200]: POST /receiver.php
[Mon Mar 24 00:20:25 2025] [::1]:50320 Closing
[Mon Mar 24 00:20:27 2025] [::1]:50325 Accepted
[Mon Mar 24 00:20:27 2025] [::1]:50325 [200]: POST /receiver.php
[Mon Mar 24 00:20:27 2025] [::1]:50325 Closing
[Mon Mar 24 00:20:29 2025] [::1]:50327 Accepted
[Mon Mar 24 00:20:29 2025] [::1]:50327 [200]: POST /receiver.php
[Mon Mar 24 00:20:29 2025] [::1]:50327 Closing
[Mon Mar 24 00:20:31 2025] [::1]:50328 Accepted
[Mon Mar 24 00:20:31 2025] [::1]:50328 [200]: POST /receiver.php
[Mon Mar 24 00:20:31 2025] [::1]:50328 Closing
[Mon Mar 24 00:20:33 2025] [::1]:50333 Accepted
[Mon Mar 24 00:20:33 2025] [::1]:50333 [200]: POST /receiver.php
[Mon Mar 24 00:20:33 2025] [::1]:50333 Closing
[Mon Mar 24 00:20:35 2025] [::1]:50334 Accepted
[Mon Mar 24 00:20:35 2025] [::1]:50334 [200]: POST /receiver.php
[Mon Mar 24 00:20:35 2025] [::1]:50334 Closing
[Mon Mar 24 00:20:37 2025] [::1]:50335 Accepted
[Mon Mar 24 00:20:37 2025] [::1]:50335 [200]: POST /receiver.php
[Mon Mar 24 00:20:37 2025] [::1]:50335 Closing
[Mon Mar 24 00:20:39 2025] [::1]:50336 Accepted
[Mon Mar 24 00:20:39 2025] [::1]:50336 [200]: POST /receiver.php
[Mon Mar 24 00:20:39 2025] [::1]:50336 Closing
[Mon Mar 24 00:20:41 2025] [::1]:50338 Accepted
[Mon Mar 24 00:20:41 2025] [::1]:50338 [200]: POST /receiver.php
[Mon Mar 24 00:20:41 2025] [::1]:50338 Closing
[Mon Mar 24 00:20:43 2025] [::1]:50339 Accepted
[Mon Mar 24 00:20:43 2025] [::1]:50339 [200]: POST /receiver.php
[Mon Mar 24 00:20:43 2025] [::1]:50339 Closing
[Mon Mar 24 00:20:45 2025] [::1]:50340 Accepted
[Mon Mar 24 00:20:45 2025] [::1]:50340 [200]: POST /receiver.php
[Mon Mar 24 00:20:45 2025] [::1]:50340 Closing
[Mon Mar 24 00:20:47 2025] [::1]:50342 Accepted
[Mon Mar 24 00:20:47 2025] [::1]:50342 [200]: POST /receiver.php
[Mon Mar 24 00:20:47 2025] [::1]:50342 Closing
[Mon Mar 24 00:20:49 2025] [::1]:50346 Accepted
[Mon Mar 24 00:20:49 2025] [::1]:50346 [200]: POST /receiver.php
[Mon Mar 24 00:20:49 2025] [::1]:50346 Closing
[Mon Mar 24 00:20:51 2025] [::1]:50347 Accepted
[Mon Mar 24 00:20:51 2025] [::1]:50347 [200]: POST /receiver.php
[Mon Mar 24 00:20:51 2025] [::1]:50347 Closing
[Mon Mar 24 00:20:53 2025] [::1]:50348 Accepted
[Mon Mar 24 00:20:53 2025] [::1]:50348 [200]: POST /receiver.php
[Mon Mar 24 00:20:53 2025] [::1]:50348 Closing
[Mon Mar 24 00:20:55 2025] [::1]:50349 Accepted
[Mon Mar 24 00:20:55 2025] [::1]:50349 [200]: POST /receiver.php
[Mon Mar 24 00:20:55 2025] [::1]:50349 Closing
[Mon Mar 24 00:20:57 2025] [::1]:50350 Accepted
[Mon Mar 24 00:20:57 2025] [::1]:50350 [200]: POST /receiver.php
[Mon Mar 24 00:20:57 2025] [::1]:50350 Closing
[Mon Mar 24 00:20:59 2025] [::1]:50351 Accepted
[Mon Mar 24 00:20:59 2025] [::1]:50351 [200]: POST /receiver.php
[Mon Mar 24 00:20:59 2025] [::1]:50351 Closing
[Mon Mar 24 00:21:01 2025] [::1]:50352 Accepted
[Mon Mar 24 00:21:01 2025] [::1]:50352 [200]: POST /receiver.php
[Mon Mar 24 00:21:01 2025] [::1]:50352 Closing
[Mon Mar 24 00:21:03 2025] [::1]:50353 Accepted
[Mon Mar 24 00:21:03 2025] [::1]:50353 [200]: POST /receiver.php
[Mon Mar 24 00:21:03 2025] [::1]:50353 Closing
[Mon Mar 24 00:21:05 2025] [::1]:50354 Accepted
[Mon Mar 24 00:21:05 2025] [::1]:50354 [200]: POST /receiver.php
[Mon Mar 24 00:21:05 2025] [::1]:50354 Closing
[Mon Mar 24 00:21:07 2025] [::1]:50355 Accepted
[Mon Mar 24 00:21:07 2025] [::1]:50355 [200]: POST /receiver.php
[Mon Mar 24 00:21:07 2025] [::1]:50355 Closing
[Mon Mar 24 00:21:09 2025] [::1]:50356 Accepted
[Mon Mar 24 00:21:09 2025] [::1]:50356 [200]: POST /receiver.php
[Mon Mar 24 00:21:09 2025] [::1]:50356 Closing
[Mon Mar 24 00:21:11 2025] [::1]:50357 Accepted
[Mon Mar 24 00:21:11 2025] [::1]:50357 [200]: POST /receiver.php
[Mon Mar 24 00:21:11 2025] [::1]:50357 Closing
[Mon Mar 24 00:21:13 2025] [::1]:50358 Accepted
[Mon Mar 24 00:21:13 2025] [::1]:50358 [200]: POST /receiver.php
[Mon Mar 24 00:21:13 2025] [::1]:50358 Closing
[Mon Mar 24 00:21:15 2025] [::1]:50362 Accepted
[Mon Mar 24 00:21:15 2025] [::1]:50362 [200]: POST /receiver.php
[Mon Mar 24 00:21:15 2025] [::1]:50362 Closing
[Mon Mar 24 00:21:26 2025] [::1]:50372 Accepted
[Mon Mar 24 00:21:26 2025] [::1]:50372 [200]: POST /receiver.php
[Mon Mar 24 00:21:26 2025] [::1]:50372 Closing
[Mon Mar 24 00:22:26 2025] [::1]:50385 Accepted
[Mon Mar 24 00:22:26 2025] [::1]:50385 [200]: POST /receiver.php
[Mon Mar 24 00:22:26 2025] [::1]:50385 Closing
[Mon Mar 24 00:23:26 2025] [::1]:50390 Accepted
[Mon Mar 24 00:23:26 2025] [::1]:50390 [200]: POST /receiver.php
[Mon Mar 24 00:23:26 2025] [::1]:50390 Closing
